<?xml version="1.0" encoding="UTF-8"?>
<testsuite xmlns:xsi="http://www.w3.org/2001/XMLSchema-instance" xsi:noNamespaceSchemaLocation="https://maven.apache.org/surefire/maven-surefire-plugin/xsd/surefire-test-report.xsd" name="com.keepthink.AppTest" time="0.084" tests="1" errors="0" skipped="0" failures="0">
  <properties>
    <property name="awt.toolkit" value="sun.awt.X11.XToolkit"/>
    <property name="java.specification.version" value="11"/>
    <property name="sun.cpu.isalist" value=""/>
    <property name="sun.jnu.encoding" value="UTF-8"/>
    <property name="java.class.path" value="/home/luis/Documents/practice/java/persitence/target/test-classes:/home/luis/Documents/practice/java/persitence/target/classes:/home/luis/.m2/repository/junit/junit/4.11/junit-4.11.jar:/home/luis/.m2/repository/org/hamcrest/hamcrest-core/1.3/hamcrest-core-1.3.jar:/home/luis/.m2/repository/jakarta/persistence/jakarta.persistence-api/3.1.0/jakarta.persistence-api-3.1.0.jar:/home/luis/.m2/repository/org/eclipse/persistence/org.eclipse.persistence.jpa/4.0.2/org.eclipse.persistence.jpa-4.0.2.jar:/home/luis/.m2/repository/org/eclipse/persistence/org.eclipse.persistence.asm/9.5.0/org.eclipse.persistence.asm-9.5.0.jar:/home/luis/.m2/repository/org/eclipse/persistence/org.eclipse.persistence.core/4.0.2/org.eclipse.persistence.core-4.0.2.jar:/home/luis/.m2/repository/org/eclipse/persistence/org.eclipse.persistence.jpa.jpql/4.0.2/org.eclipse.persistence.jpa.jpql-4.0.2.jar:/home/luis/.m2/repository/com/mysql/mysql-connector-j/8.0.33/mysql-connector-j-8.0.33.jar:/home/luis/.m2/repository/com/google/protobuf/protobuf-java/3.21.9/protobuf-java-3.21.9.jar:/home/luis/.m2/repository/org/apache/maven/plugins/maven-assembly-plugin/3.6.0/maven-assembly-plugin-3.6.0.jar:/home/luis/.m2/repository/org/apache/maven/shared/maven-common-artifact-filters/3.3.2/maven-common-artifact-filters-3.3.2.jar:/home/luis/.m2/repository/org/slf4j/slf4j-api/1.7.36/slf4j-api-1.7.36.jar:/home/luis/.m2/repository/org/codehaus/plexus/plexus-interpolation/1.26/plexus-interpolation-1.26.jar:/home/luis/.m2/repository/commons-io/commons-io/2.11.0/commons-io-2.11.0.jar:/home/luis/.m2/repository/org/apache/maven/shared/maven-filtering/3.3.1/maven-filtering-3.3.1.jar:/home/luis/.m2/repository/javax/inject/javax.inject/1/javax.inject-1.jar:/home/luis/.m2/repository/org/sonatype/plexus/plexus-build-api/0.0.7/plexus-build-api-0.0.7.jar:/home/luis/.m2/repository/org/codehaus/plexus/plexus-io/3.4.1/plexus-io-3.4.1.jar:/home/luis/.m2/repository/org/codehaus/plexus/plexus-archiver/4.7.1/plexus-archiver-4.7.1.jar:/home/luis/.m2/repository/org/apache/commons/commons-compress/1.23.0/commons-compress-1.23.0.jar:/home/luis/.m2/repository/org/iq80/snappy/snappy/0.4/snappy-0.4.jar:/home/luis/.m2/repository/org/tukaani/xz/1.9/xz-1.9.jar:/home/luis/.m2/repository/com/github/luben/zstd-jni/1.5.5-2/zstd-jni-1.5.5-2.jar:/home/luis/.m2/repository/org/apache/maven/maven-archiver/3.6.0/maven-archiver-3.6.0.jar:/home/luis/.m2/repository/org/codehaus/plexus/plexus-utils/3.5.1/plexus-utils-3.5.1.jar:"/>
    <property name="java.vm.vendor" value="Oracle Corporation"/>
    <property name="sun.arch.data.model" value="64"/>
    <property name="java.vendor.url" value="https://openjdk.java.net/"/>
    <property name="user.timezone" value=""/>
    <property name="java.vm.specification.version" value="11"/>
    <property name="os.name" value="Linux"/>
    <property name="sun.java.launcher" value="SUN_STANDARD"/>
    <property name="sun.boot.library.path" value="/usr/lib/jvm/java-11-openjdk/lib"/>
    <property name="sun.java.command" value="/home/luis/Documents/practice/java/persitence/target/surefire/surefirebooter5326358445794869686.jar /home/luis/Documents/practice/java/persitence/target/surefire 2023-10-16T01-29-45_076-jvmRun1 surefire1401891125770396359tmp surefire_09367653643028995612tmp"/>
    <property name="jdk.debug" value="release"/>
    <property name="surefire.test.class.path" value="/home/luis/Documents/practice/java/persitence/target/test-classes:/home/luis/Documents/practice/java/persitence/target/classes:/home/luis/.m2/repository/junit/junit/4.11/junit-4.11.jar:/home/luis/.m2/repository/org/hamcrest/hamcrest-core/1.3/hamcrest-core-1.3.jar:/home/luis/.m2/repository/jakarta/persistence/jakarta.persistence-api/3.1.0/jakarta.persistence-api-3.1.0.jar:/home/luis/.m2/repository/org/eclipse/persistence/org.eclipse.persistence.jpa/4.0.2/org.eclipse.persistence.jpa-4.0.2.jar:/home/luis/.m2/repository/org/eclipse/persistence/org.eclipse.persistence.asm/9.5.0/org.eclipse.persistence.asm-9.5.0.jar:/home/luis/.m2/repository/org/eclipse/persistence/org.eclipse.persistence.core/4.0.2/org.eclipse.persistence.core-4.0.2.jar:/home/luis/.m2/repository/org/eclipse/persistence/org.eclipse.persistence.jpa.jpql/4.0.2/org.eclipse.persistence.jpa.jpql-4.0.2.jar:/home/luis/.m2/repository/com/mysql/mysql-connector-j/8.0.33/mysql-connector-j-8.0.33.jar:/home/luis/.m2/repository/com/google/protobuf/protobuf-java/3.21.9/protobuf-java-3.21.9.jar:/home/luis/.m2/repository/org/apache/maven/plugins/maven-assembly-plugin/3.6.0/maven-assembly-plugin-3.6.0.jar:/home/luis/.m2/repository/org/apache/maven/shared/maven-common-artifact-filters/3.3.2/maven-common-artifact-filters-3.3.2.jar:/home/luis/.m2/repository/org/slf4j/slf4j-api/1.7.36/slf4j-api-1.7.36.jar:/home/luis/.m2/repository/org/codehaus/plexus/plexus-interpolation/1.26/plexus-interpolation-1.26.jar:/home/luis/.m2/repository/commons-io/commons-io/2.11.0/commons-io-2.11.0.jar:/home/luis/.m2/repository/org/apache/maven/shared/maven-filtering/3.3.1/maven-filtering-3.3.1.jar:/home/luis/.m2/repository/javax/inject/javax.inject/1/javax.inject-1.jar:/home/luis/.m2/repository/org/sonatype/plexus/plexus-build-api/0.0.7/plexus-build-api-0.0.7.jar:/home/luis/.m2/repository/org/codehaus/plexus/plexus-io/3.4.1/plexus-io-3.4.1.jar:/home/luis/.m2/repository/org/codehaus/plexus/plexus-archiver/4.7.1/plexus-archiver-4.7.1.jar:/home/luis/.m2/repository/org/apache/commons/commons-compress/1.23.0/commons-compress-1.23.0.jar:/home/luis/.m2/repository/org/iq80/snappy/snappy/0.4/snappy-0.4.jar:/home/luis/.m2/repository/org/tukaani/xz/1.9/xz-1.9.jar:/home/luis/.m2/repository/com/github/luben/zstd-jni/1.5.5-2/zstd-jni-1.5.5-2.jar:/home/luis/.m2/repository/org/apache/maven/maven-archiver/3.6.0/maven-archiver-3.6.0.jar:/home/luis/.m2/repository/org/codehaus/plexus/plexus-utils/3.5.1/plexus-utils-3.5.1.jar:"/>
    <property name="sun.cpu.endian" value="little"/>
    <property name="user.home" value="/home/luis"/>
    <property name="user.language" value="en"/>
    <property name="java.specification.vendor" value="Oracle Corporation"/>
    <property name="java.version.date" value="2023-08-24"/>
    <property name="java.home" value="/usr/lib/jvm/java-11-openjdk"/>
    <property name="file.separator" value="/"/>
    <property name="basedir" value="/home/luis/Documents/practice/java/persitence"/>
    <property name="java.vm.compressedOopsMode" value="32-bit"/>
    <property name="line.separator" value="&#10;"/>
    <property name="java.specification.name" value="Java Platform API Specification"/>
    <property name="java.vm.specification.vendor" value="Oracle Corporation"/>
    <property name="java.awt.graphicsenv" value="sun.awt.X11GraphicsEnvironment"/>
    <property name="surefire.real.class.path" value="/home/luis/Documents/practice/java/persitence/target/surefire/surefirebooter5326358445794869686.jar"/>
    <property name="sun.management.compiler" value="HotSpot 64-Bit Tiered Compilers"/>
    <property name="java.runtime.version" value="11.0.20.1+1"/>
    <property name="user.name" value="luis"/>
    <property name="path.separator" value=":"/>
    <property name="os.version" value="6.5.7-arch1-1"/>
    <property name="java.runtime.name" value="OpenJDK Runtime Environment"/>
    <property name="file.encoding" value="UTF-8"/>
    <property name="java.vm.name" value="OpenJDK 64-Bit Server VM"/>
    <property name="localRepository" value="/home/luis/.m2/repository"/>
    <property name="java.vendor.url.bug" value="https://bugreport.java.com/bugreport/"/>
    <property name="java.io.tmpdir" value="/tmp"/>
    <property name="java.version" value="11.0.20.1"/>
    <property name="user.dir" value="/home/luis/Documents/practice/java/persitence"/>
    <property name="os.arch" value="amd64"/>
    <property name="java.vm.specification.name" value="Java Virtual Machine Specification"/>
    <property name="java.awt.printerjob" value="sun.print.PSPrinterJob"/>
    <property name="sun.os.patch.level" value="unknown"/>
    <property name="java.library.path" value="/usr/java/packages/lib:/usr/lib64:/lib64:/lib:/usr/lib"/>
    <property name="java.vm.info" value="mixed mode"/>
    <property name="java.vendor" value="Oracle Corporation"/>
    <property name="java.vm.version" value="11.0.20.1+1"/>
    <property name="java.specification.maintenance.version" value="2"/>
    <property name="sun.io.unicode.encoding" value="UnicodeLittle"/>
    <property name="java.class.version" value="55.0"/>
  </properties>
  <testcase name="shouldAnswerWithTrue" classname="com.keepthink.AppTest" time="0.004"/>
</testsuite>